no change     /nethome/zwang910/miniconda3/condabin/conda
no change     /nethome/zwang910/miniconda3/bin/conda
no change     /nethome/zwang910/miniconda3/bin/conda-env
no change     /nethome/zwang910/miniconda3/bin/activate
no change     /nethome/zwang910/miniconda3/bin/deactivate
no change     /nethome/zwang910/miniconda3/etc/profile.d/conda.sh
no change     /nethome/zwang910/miniconda3/etc/fish/conf.d/conda.fish
no change     /nethome/zwang910/miniconda3/shell/condabin/Conda.psm1
no change     /nethome/zwang910/miniconda3/shell/condabin/conda-hook.ps1
no change     /nethome/zwang910/miniconda3/lib/python3.12/site-packages/xontrib/conda.xsh
no change     /nethome/zwang910/miniconda3/etc/profile.d/conda.csh
no change     /nethome/zwang910/.bashrc
No action taken.
wandb: Using wandb-core as the SDK backend.  Please refer to https://wandb.me/wandb-core for more information.
wandb: Currently logged in as: ndrsn0208 (ndrsn0208-georgia-institute-of-technology) to https://api.wandb.ai. Use `wandb login --relogin` to force relogin
wandb: Tracking run with wandb version 0.19.8
wandb: Run data is saved locally in /nethome/zwang910/research/unsupervised-prototypes/wandb/run-20250423_210846-n22p7jn8
wandb: Run `wandb offline` to turn off syncing.
wandb: Syncing run vade-10-rec-5-reg-1.2-fmnist-config
wandb: ⭐️ View project at https://wandb.ai/ndrsn0208-georgia-institute-of-technology/deep-taxon
wandb: 🚀 View run at https://wandb.ai/ndrsn0208-georgia-institute-of-technology/deep-taxon/runs/n22p7jn8
Configuration loaded successfully:
------------------------------
  batch_size: 128 (Type: int)
  convex_weight_lambda: 0.1 (Type: float)
  dataset: fashion-mnist (Type: str)
  dec_hidden_dim: (128, 1, 1) (Type: tuple)
  decoder_name: omniglot (Type: str)
  device_id: 0 (Type: int)
  dkl_margin: 1.2 (Type: float)
  dkl_weight_lambda: 0.1 (Type: float)
  enc_hidden_dim: 128 (Type: int)
  encoder_name: omniglot (Type: str)
  epochs: 300 (Type: int)
  input_dim: 784 (Type: int)
  kl1_weight: 1.0 (Type: float)
  latent_dim: 10 (Type: int)
  linear_probing_epochs: 50 (Type: int)
  linear_probing_lr: 0.01 (Type: float)
  lr: 0.0005 (Type: float)
  lr_scheduler: none (Type: str)
  model_save_interval: 20 (Type: int)
  model_save_path: vade-10-rec-5-reg-1.2-fmnist-config (Type: str)
  n_classes: 10 (Type: int)
  n_layers: 11 (Type: int)
  normalize: False (Type: bool)
  pretraining_epochs: 0 (Type: int)
  pretraining_lr: 0.001 (Type: float)
  recon_weight: 5.0 (Type: float)
  seed: 0 (Type: int)
  vade_baseline: False (Type: bool)
  wandb: True (Type: bool)
  wandb_project: deep-taxon (Type: str)
  wandb_run_name: vade-10-rec-5-reg-1.2-fmnist-config (Type: str)
------------------------------
Loading data...
Start training...
Epoch 0
Model saved at /nethome/zwang910/file_storage/nips-2025/deep-taxon/project-checkin/vade-10-rec-5-reg-1.2-fmnist-config//deep_taxon_0.pt
Epoch 1
Epoch 2
Epoch 3
Epoch 4
Epoch 5
